#
# There is insufficient memory for the Java Runtime Environment to continue.
# Native memory allocation (mmap) failed to map 268435456 bytes for Failed to commit area from 0x00000000e0000000 to 0x00000000f0000000 of length 268435456.
# Possible reasons:
#   The system is out of physical RAM or swap space
#   The process is running with CompressedOops enabled, and the Java Heap may be blocking the growth of the native heap
# Possible solutions:
#   Reduce memory load on the system
#   Increase physical memory or swap space
#   Check if swap backing store is full
#   Decrease Java heap size (-Xmx/-Xms)
#   Decrease number of Java threads
#   Decrease Java thread stack sizes (-Xss)
#   Set larger code cache with -XX:ReservedCodeCacheSize=
# This output file may be truncated or incomplete.
#
#  Out of Memory Error (./open/src/hotspot/os/windows/os_windows.cpp:3273), pid=11732, tid=3992
#
# JRE version:  (11.0.10+8) (build )
# Java VM: Java HotSpot(TM) 64-Bit Server VM (11.0.10+8-LTS-162, mixed mode, sharing, tiered, compressed oops, g1 gc, windows-amd64)
# No core dump will be written. Minidumps are not enabled by default on client versions of Windows
#

---------------  S U M M A R Y ------------

Command Line: -Dallure.results.directory=C:\Users\User\IdeaProjects\Lesson5Video\build\allure-results -Dorg.gradle.native=false -javaagent:C:\Users\User\.gradle\caches\modules-2\files-2.1\org.aspectj\aspectjweaver\1.8.10\e198c5fee28988c355f74e06461614eae36b2032\aspectjweaver-1.8.10.jar -Xmx512m -Dfile.encoding=windows-1251 -Duser.country=RU -Duser.language=ru -Duser.variant -ea worker.org.gradle.process.internal.worker.GradleWorkerMain 'Gradle Test Executor 2'

Host: Intel(R) Core(TM) i5-9600K CPU @ 3.70GHz, 6 cores, 15G,  Windows 10 , 64 bit Build 19041 (10.0.19041.928)
Time: Tue Apr 20 12:16:10 2021 RTZ 2 (зима) elapsed time: 0.011279 seconds (0d 0h 0m 0s)

---------------  T H R E A D  ---------------

Current thread (0x000001fc4bf3c800):  JavaThread "Unknown thread" [_thread_in_vm, id=3992, stack(0x000000b062200000,0x000000b062300000)]

Stack: [0x000000b062200000,0x000000b062300000]
Native frames: (J=compiled Java code, j=interpreted, Vv=VM code, C=native code)
V  [jvm.dll+0x613e6a]
V  [jvm.dll+0x74c1ff]
V  [jvm.dll+0x74d885]
V  [jvm.dll+0x74df03]
V  [jvm.dll+0x243b78]
V  [jvm.dll+0x61125a]
V  [jvm.dll+0x606165]
V  [jvm.dll+0x2f85fc]
V  [jvm.dll+0x2f8482]
V  [jvm.dll+0x2fd136]
V  [jvm.dll+0x33f6bf]
V  [jvm.dll+0x33f0f0]
V  [jvm.dll+0x2d5d08]
V  [jvm.dll+0x2d6e66]
V  [jvm.dll+0x727d17]
V  [jvm.dll+0x7295bf]
V  [jvm.dll+0x34c4a9]
V  [jvm.dll+0x70d6b0]
V  [jvm.dll+0x3b584f]
V  [jvm.dll+0x3b7951]
C  [jli.dll+0x520b]
C  [ucrtbase.dll+0x21bb2]
C  [KERNEL32.DLL+0x17034]
C  [ntdll.dll+0x52651]


---------------  P R O C E S S  ---------------

Threads class SMR info:
_java_thread_list=0x000001fc49e4f150, length=0, elements={
}

Java Threads: ( => current thread )

Other Threads:
  0x000001fc4bf52800 GCTaskThread "GC Thread#0" [stack: 0x000000b062300000,0x000000b062400000] [id=10348]
  0x000001fc4bf65000 ConcurrentGCThread "G1 Main Marker" [stack: 0x000000b062400000,0x000000b062500000] [id=9856]
  0x000001fc4bf67000 ConcurrentGCThread "G1 Conc#0" [stack: 0x000000b062500000,0x000000b062600000] [id=14340]

[error occurred during error reporting (printing all threads), id 0xc0000005, EXCEPTION_ACCESS_VIOLATION (0xc0000005) at pc=0x00007ff9b2484f57]

VM state:not at safepoint (not fully initialized)

VM Mutex/Monitor currently owned by a thread:  ([mutex/lock_event])
[0x000001fc4bf39940] Heap_lock - owner thread: 0x000001fc4bf3c800

Heap address: 0x00000000e0000000, size: 512 MB, Compressed Oops mode: Non-zero based: 0x00000000e0000000
Narrow klass base: 0x0000000000000000, Narrow klass shift: 0

GC Heap History (0 events):
No events

Deoptimization events (0 events):
No events

Classes redefined (0 events):
No events

Internal exceptions (0 events):
No events

Events (0 events):
No events


Dynamic libraries:
0x00007ff7495c0000 - 0x00007ff7495cf000 	C:\Java\jdk-11.0.10\bin\java.exe
0x00007ffa22190000 - 0x00007ffa22385000 	C:\WINDOWS\SYSTEM32\ntdll.dll
0x00007ffa21bb0000 - 0x00007ffa21c6d000 	C:\WINDOWS\System32\KERNEL32.DLL
0x00007ffa1fa60000 - 0x00007ffa1fd28000 	C:\WINDOWS\System32\KERNELBASE.dll
0x00007ffa20040000 - 0x00007ffa20140000 	C:\WINDOWS\System32\ucrtbase.dll
0x00007ffa14d60000 - 0x00007ffa14d78000 	C:\Java\jdk-11.0.10\bin\jli.dll
0x00007ffa14a60000 - 0x00007ffa14a75000 	C:\Java\jdk-11.0.10\bin\VCRUNTIME140.dll
0x00007ffa21d30000 - 0x00007ffa21ddc000 	C:\WINDOWS\System32\ADVAPI32.dll
0x00007ffa20d00000 - 0x00007ffa20d9e000 	C:\WINDOWS\System32\msvcrt.dll
0x00007ffa21b10000 - 0x00007ffa21bab000 	C:\WINDOWS\System32\sechost.dll
0x00007ffa22020000 - 0x00007ffa2214b000 	C:\WINDOWS\System32\RPCRT4.dll
0x00007ffa202d0000 - 0x00007ffa20470000 	C:\WINDOWS\System32\USER32.dll
0x00007ffa1fa30000 - 0x00007ffa1fa52000 	C:\WINDOWS\System32\win32u.dll
0x00007ffa21c70000 - 0x00007ffa21c9a000 	C:\WINDOWS\System32\GDI32.dll
0x00007ffa10950000 - 0x00007ffa10bea000 	C:\WINDOWS\WinSxS\amd64_microsoft.windows.common-controls_6595b64144ccf1df_6.0.19041.844_none_ca00b6081b84eb1d\COMCTL32.dll
0x00007ffa1f920000 - 0x00007ffa1fa2b000 	C:\WINDOWS\System32\gdi32full.dll
0x00007ffa1ff70000 - 0x00007ffa2000d000 	C:\WINDOWS\System32\msvcp_win.dll
0x00007ffa191a0000 - 0x00007ffa191aa000 	C:\WINDOWS\SYSTEM32\VERSION.dll
0x00007ffa20cd0000 - 0x00007ffa20d00000 	C:\WINDOWS\System32\IMM32.DLL
0x00007ff9ca480000 - 0x00007ff9ca51b000 	C:\Java\jdk-11.0.10\bin\msvcp140.dll
0x00007ff9b21a0000 - 0x00007ff9b2c9b000 	C:\Java\jdk-11.0.10\bin\server\jvm.dll
0x00007ffa20ee0000 - 0x00007ffa20ee8000 	C:\WINDOWS\System32\PSAPI.DLL
0x00007ffa05700000 - 0x00007ffa05709000 	C:\WINDOWS\SYSTEM32\WSOCK32.dll
0x00007ffa15150000 - 0x00007ffa15177000 	C:\WINDOWS\SYSTEM32\WINMM.dll
0x00007ffa20da0000 - 0x00007ffa20e0b000 	C:\WINDOWS\System32\WS2_32.dll
0x00007ffa1d830000 - 0x00007ffa1d842000 	C:\WINDOWS\SYSTEM32\kernel.appcore.dll
0x00007ffa14cd0000 - 0x00007ffa14ce0000 	C:\Java\jdk-11.0.10\bin\verify.dll
0x00007ffa0d790000 - 0x00007ffa0d974000 	C:\WINDOWS\SYSTEM32\DBGHELP.DLL
0x00007ffa14910000 - 0x00007ffa1493c000 	C:\WINDOWS\SYSTEM32\dbgcore.DLL
0x00007ffa1fd30000 - 0x00007ffa1fdb0000 	C:\WINDOWS\System32\bcryptPrimitives.dll
0x00007ffa05830000 - 0x00007ffa05858000 	C:\Java\jdk-11.0.10\bin\java.dll
0x00007ffa14c90000 - 0x00007ffa14c9a000 	C:\Java\jdk-11.0.10\bin\jimage.dll
0x00007ffa1d050000 - 0x00007ffa1d05e000 	C:\Java\jdk-11.0.10\bin\instrument.dll
0x00007ffa0b240000 - 0x00007ffa0b256000 	C:\Java\jdk-11.0.10\bin\zip.dll

dbghelp: loaded successfully - version: 4.0.5 - missing functions: none
symbol engine: initialized successfully - sym options: 0x614 - pdb path: .;C:\Java\jdk-11.0.10\bin;C:\WINDOWS\SYSTEM32;C:\WINDOWS\WinSxS\amd64_microsoft.windows.common-controls_6595b64144ccf1df_6.0.19041.844_none_ca00b6081b84eb1d;C:\Java\jdk-11.0.10\bin\server

VM Arguments:
jvm_args: -Dallure.results.directory=C:\Users\User\IdeaProjects\Lesson5Video\build\allure-results -Dorg.gradle.native=false -javaagent:C:\Users\User\.gradle\caches\modules-2\files-2.1\org.aspectj\aspectjweaver\1.8.10\e198c5fee28988c355f74e06461614eae36b2032\aspectjweaver-1.8.10.jar -Xmx512m -Dfile.encoding=windows-1251 -Duser.country=RU -Duser.language=ru -Duser.variant -ea 
java_command: worker.org.gradle.process.internal.worker.GradleWorkerMain 'Gradle Test Executor 2'
java_class_path (initial): C:\\Users\\User\\.gradle\\caches\\6.7\\workerMain\\gradle-worker.jar;C:\\Users\\User\\IdeaProjects\\Lesson5Video\\build\\classes\\java\\test;C:\\Users\\User\\IdeaProjects\\Lesson5Video\\build\\resources\\test;C:\\Users\\User\\IdeaProjects\\Lesson5Video\\build\\classes\\java\\main;C:\\Users\\User\\IdeaProjects\\Lesson5Video\\build\\resources\\main;C:\\Users\\User\\.gradle\\caches\\modules-2\\files-2.1\\com.codeborne\\selenide\\5.18.0\\96f4b028581bdd8e95859567911e591d03f91110\\selenide-5.18.0.jar;C:\\Users\\User\\.gradle\\caches\\modules-2\\files-2.1\\io.qameta.allure\\allure-junit5\\2.13.8\\d3558e3c09f256f83715d9a45ca9e75f4acb33bc\\allure-junit5-2.13.8.jar;C:\\Users\\User\\.gradle\\caches\\modules-2\\files-2.1\\io.qameta.allure\\allure-junit-platform\\2.13.8\\14a779e7bf6210d4e3fc8c6b26ffd95925daebe2\\allure-junit-platform-2.13.8.jar;C:\\Users\\User\\.gradle\\caches\\modules-2\\files-2.1\\io.qameta.allure\\allure-java-commons\\2.13.9\\32dcaae7b94921a2929a26a6e5ee5db9fcbe5198\\allure-java-commons-2.13.9.jar;C:\\Users\\User\\.gradle\\caches\\modules-2\\files-2.1\\org.junit.platform\\junit-platform-launcher\\1.7.0\\cfd2d9c8b6ff9f3880faad828454cd0166bc12d7\\junit-platform-launcher-1.7.0.jar;C:\\Users\\User\\.gradle\\caches\\modules-2\\files-2.1\\org.junit.platform\\junit-platform-engine\\1.7.0\\eadb73c5074a4ac71061defd00fc176152a4d12c\\junit-platform-engine-1.7.0.jar;C:\\Users\\User\\.gradle\\caches\\modules-2\\files-2.1\\org.junit.platform\\junit-platform-commons\\1.7.0\\84e309fbf21d857aac079a3c1fffd84284e1114d\\junit-platform-commons-1.7.0.jar;C:\\Users\\User\\.gradle\\caches\\modules-2\\files-2.1\\org.junit.jupiter\\junit-jupiter-engine\\5.7.0\\d9044d6b45e2232ddd53fa56c15333e43d1749fd\\junit-jupiter-engine-5.7.0.jar;C:\\Users\\User\\.gradle\\caches\\modules-2\\files-2.1\\org.junit.jupiter\\junit-jupiter-api\\5.7.0\\b25f3815c4c1860a73041e733a14a0379d00c4d5\\junit-jupiter-api-5.7.0.jar;C:\\Users\\User\\.gradle\\caches\\modules-2\\files-2.1\\o
Launcher Type: SUN_STANDARD

[Global flags]
     intx CICompilerCount                          = 3                                         {product} {ergonomic}
     uint ConcGCThreads                            = 2                                         {product} {ergonomic}
     uint G1ConcRefinementThreads                  = 6                                         {product} {ergonomic}
   size_t G1HeapRegionSize                         = 1048576                                   {product} {ergonomic}
    uintx GCDrainStackTargetSize                   = 64                                        {product} {ergonomic}
   size_t InitialHeapSize                          = 268435456                                 {product} {ergonomic}
   size_t MarkStackSize                            = 4194304                                   {product} {ergonomic}
   size_t MaxHeapSize                              = 536870912                                 {product} {command line}
   size_t MinHeapDeltaBytes                        = 1048576                                   {product} {ergonomic}
    uintx NonNMethodCodeHeapSize                   = 5830732                                {pd product} {ergonomic}
    uintx NonProfiledCodeHeapSize                  = 122913754                              {pd product} {ergonomic}
    uintx ProfiledCodeHeapSize                     = 122913754                              {pd product} {ergonomic}
    uintx ReservedCodeCacheSize                    = 251658240                              {pd product} {ergonomic}
     bool SegmentedCodeCache                       = true                                      {product} {ergonomic}
     bool UseCompressedClassPointers               = true                                 {lp64_product} {ergonomic}
     bool UseCompressedOops                        = true                                 {lp64_product} {ergonomic}
     bool UseG1GC                                  = true                                      {product} {ergonomic}
     bool UseLargePagesIndividualAllocation        = false                                  {pd product} {ergonomic}

Logging:
Log output configuration:
 #0: stdout all=warning uptime,level,tags
 #1: stderr all=off uptime,level,tags

Environment Variables:
PATH=C:\Program Files\Common Files\Oracle\Java\javapath;C:\Windows\system32;C:\Windows;C:\Windows\System32\Wbem;C:\Windows\System32\WindowsPowerShell\v1.0\;C:\Windows\System32\OpenSSH\;C:\Program Files (x86)\NVIDIA Corporation\PhysX\Common;C:\WINDOWS\system32;C:\WINDOWS;C:\WINDOWS\System32\Wbem;C:\WINDOWS\System32\WindowsPowerShell\v1.0\;C:\WINDOWS\System32\OpenSSH\;C:\Program Files\Git\cmd;C:\gradle\bin;C:\Program Files\MySQL\MySQL Shell 8.0\bin\;C:\Python38\Scripts\;C:\Python38\;C:\Users\User\AppData\Local\Microsoft\WindowsApps;
USERNAME=User
OS=Windows_NT
PROCESSOR_IDENTIFIER=Intel64 Family 6 Model 158 Stepping 12, GenuineIntel



---------------  S Y S T E M  ---------------

OS: Windows 10 , 64 bit Build 19041 (10.0.19041.928)

CPU:total 6 (initial active 6) (6 cores per cpu, 1 threads per core) family 6 model 158 stepping 12 microcode 0xae, cmov, cx8, fxsr, mmx, sse, sse2, sse3, ssse3, sse4.1, sse4.2, popcnt, avx, avx2, aes, clmul, erms, rtm, 3dnowpref, lzcnt, tsc, tscinvbit, bmi1, bmi2, adx, fma

Memory: 4k page, system-wide physical 16318M (3747M free)
TotalPageFile size 29071M (AvailPageFile size 175M)
current process WorkingSet (physical memory assigned to process): 9M, peak: 9M
current process commit charge ("private bytes"): 55M, peak: 311M

vm_info: Java HotSpot(TM) 64-Bit Server VM (11.0.10+8-LTS-162) for windows-amd64 JRE (11.0.10+8-LTS-162), built on Dec  8 2020 16:32:57 by "mach5one" with MS VC++ 15.9 (VS2017)

END.
