#
# There is insufficient memory for the Java Runtime Environment to continue.
# Native memory allocation (mmap) failed to map 268435456 bytes for Failed to commit area from 0x0000000701000000 to 0x0000000711000000 of length 268435456.
# Possible reasons:
#   The system is out of physical RAM or swap space
#   The process is running with CompressedOops enabled, and the Java Heap may be blocking the growth of the native heap
# Possible solutions:
#   Reduce memory load on the system
#   Increase physical memory or swap space
#   Check if swap backing store is full
#   Decrease Java heap size (-Xmx/-Xms)
#   Decrease number of Java threads
#   Decrease Java thread stack sizes (-Xss)
#   Set larger code cache with -XX:ReservedCodeCacheSize=
# This output file may be truncated or incomplete.
#
#  Out of Memory Error (./src/hotspot/os/windows/os_windows.cpp:3301), pid=4604, tid=10876
#
# JRE version:  (11.0.10+8) (build )
# Java VM: OpenJDK 64-Bit Server VM (11.0.10+8-b1145.96, mixed mode, sharing, tiered, compressed oops, g1 gc, windows-amd64)
# No core dump will be written. Minidumps are not enabled by default on client versions of Windows
#

---------------  S U M M A R Y ------------

Command Line: org.jetbrains.git4idea.http.GitAskPassApp Username for 'https://github.com': 

Host: Intel(R) Core(TM) i5-9600K CPU @ 3.70GHz, 6 cores, 15G,  Windows 10 , 64 bit Build 19041 (10.0.19041.928)
Time: Tue Apr 20 12:26:40 2021 RTZ 2 (зима) elapsed time: 0.010012 seconds (0d 0h 0m 0s)

---------------  T H R E A D  ---------------

Current thread (0x00000156e98ac000):  JavaThread "Unknown thread" [_thread_in_vm, id=10876, stack(0x0000002c28600000,0x0000002c28700000)]

Stack: [0x0000002c28600000,0x0000002c28700000]
Native frames: (J=compiled Java code, j=interpreted, Vv=VM code, C=native code)
V  [jvm.dll+0x5ece6a]
V  [jvm.dll+0x722cd5]
V  [jvm.dll+0x72422d]
V  [jvm.dll+0x7248e3]
V  [jvm.dll+0x2428d8]
V  [jvm.dll+0x5ea244]
V  [jvm.dll+0x5df2e5]
V  [jvm.dll+0x2fdddb]
V  [jvm.dll+0x2fdd4a]
V  [jvm.dll+0x2fdc22]
V  [jvm.dll+0x302b06]
V  [jvm.dll+0x34b033]
V  [jvm.dll+0x34b736]
V  [jvm.dll+0x34b133]
V  [jvm.dll+0x2d87d8]
V  [jvm.dll+0x2d9987]
V  [jvm.dll+0x701817]
V  [jvm.dll+0x70300c]
V  [jvm.dll+0x3585a9]
V  [jvm.dll+0x6e516e]
V  [jvm.dll+0x3c09e3]
V  [jvm.dll+0x3c2c71]
C  [jli.dll+0x5373]
C  [ucrtbase.dll+0x21bb2]
C  [KERNEL32.DLL+0x17034]
C  [ntdll.dll+0x52651]


---------------  P R O C E S S  ---------------

Threads class SMR info:
_java_thread_list=0x00000156e9691700, length=0, elements={
}

Java Threads: ( => current thread )

Other Threads:
  0x00000156e98c3000 GCTaskThread "GC Thread#0" [stack: 0x0000002c28700000,0x0000002c28800000] [id=12996]
  0x00000156e9921000 ConcurrentGCThread "G1 Main Marker" [stack: 0x0000002c28800000,0x0000002c28900000] [id=19072]
  0x00000156e9923800 ConcurrentGCThread "G1 Conc#0" [stack: 0x0000002c28900000,0x0000002c28a00000] [id=2908]

[error occurred during error reporting (printing all threads), id 0xc0000005, EXCEPTION_ACCESS_VIOLATION (0xc0000005) at pc=0x00007ff9d1248db7]

VM state:not at safepoint (not fully initialized)

VM Mutex/Monitor currently owned by a thread:  ([mutex/lock_event])
[0x00000156e98ab700] Heap_lock - owner thread: 0x00000156e98ac000

Heap address: 0x0000000701000000, size: 4080 MB, Compressed Oops mode: Non-zero based: 0x0000000701000000
Narrow klass base: 0x0000000000000000, Narrow klass shift: 0

GC Heap History (0 events):
No events

Deoptimization events (0 events):
No events

Classes redefined (0 events):
No events

Internal exceptions (0 events):
No events

Events (1 events):
Event: 0.006 Loaded shared library C:\JetBrains\IntelliJ IDEA Community Edition 2020.3.3\jbr\bin\zip.dll


Dynamic libraries:
0x00007ff79cdd0000 - 0x00007ff79cdda000 	C:\JetBrains\IntelliJ IDEA Community Edition 2020.3.3\jbr\bin\java.exe
0x00007ffa22190000 - 0x00007ffa22385000 	C:\WINDOWS\SYSTEM32\ntdll.dll
0x00007ffa21bb0000 - 0x00007ffa21c6d000 	C:\WINDOWS\System32\KERNEL32.DLL
0x00007ffa1fa60000 - 0x00007ffa1fd28000 	C:\WINDOWS\System32\KERNELBASE.dll
0x00007ffa20040000 - 0x00007ffa20140000 	C:\WINDOWS\System32\ucrtbase.dll
0x00007ffa03b40000 - 0x00007ffa03b57000 	C:\JetBrains\IntelliJ IDEA Community Edition 2020.3.3\jbr\bin\VCRUNTIME140.dll
0x00007ff9fb920000 - 0x00007ff9fb939000 	C:\JetBrains\IntelliJ IDEA Community Edition 2020.3.3\jbr\bin\jli.dll
0x00007ffa202d0000 - 0x00007ffa20470000 	C:\WINDOWS\System32\USER32.dll
0x00007ffa1fa30000 - 0x00007ffa1fa52000 	C:\WINDOWS\System32\win32u.dll
0x00007ffa21c70000 - 0x00007ffa21c9a000 	C:\WINDOWS\System32\GDI32.dll
0x00007ffa1f920000 - 0x00007ffa1fa2b000 	C:\WINDOWS\System32\gdi32full.dll
0x00007ffa10950000 - 0x00007ffa10bea000 	C:\WINDOWS\WinSxS\amd64_microsoft.windows.common-controls_6595b64144ccf1df_6.0.19041.844_none_ca00b6081b84eb1d\COMCTL32.dll
0x00007ffa1ff70000 - 0x00007ffa2000d000 	C:\WINDOWS\System32\msvcp_win.dll
0x00007ffa20d00000 - 0x00007ffa20d9e000 	C:\WINDOWS\System32\msvcrt.dll
0x00007ffa20cd0000 - 0x00007ffa20d00000 	C:\WINDOWS\System32\IMM32.DLL
0x00007ff9fa960000 - 0x00007ff9fa9fd000 	C:\JetBrains\IntelliJ IDEA Community Edition 2020.3.3\jbr\bin\msvcp140.dll
0x00007ff9d0f60000 - 0x00007ff9d1a30000 	C:\JetBrains\IntelliJ IDEA Community Edition 2020.3.3\jbr\bin\server\jvm.dll
0x00007ffa21d30000 - 0x00007ffa21ddc000 	C:\WINDOWS\System32\ADVAPI32.dll
0x00007ffa21b10000 - 0x00007ffa21bab000 	C:\WINDOWS\System32\sechost.dll
0x00007ffa22020000 - 0x00007ffa2214b000 	C:\WINDOWS\System32\RPCRT4.dll
0x00007ffa20ee0000 - 0x00007ffa20ee8000 	C:\WINDOWS\System32\PSAPI.DLL
0x00007ffa05700000 - 0x00007ffa05709000 	C:\WINDOWS\SYSTEM32\WSOCK32.dll
0x00007ffa15150000 - 0x00007ffa15177000 	C:\WINDOWS\SYSTEM32\WINMM.dll
0x00007ffa191a0000 - 0x00007ffa191aa000 	C:\WINDOWS\SYSTEM32\VERSION.dll
0x00007ffa20da0000 - 0x00007ffa20e0b000 	C:\WINDOWS\System32\WS2_32.dll
0x00007ffa1d830000 - 0x00007ffa1d842000 	C:\WINDOWS\SYSTEM32\kernel.appcore.dll
0x00007ffa1cfa0000 - 0x00007ffa1cfb1000 	C:\JetBrains\IntelliJ IDEA Community Edition 2020.3.3\jbr\bin\verify.dll
0x00007ffa0d790000 - 0x00007ffa0d974000 	C:\WINDOWS\SYSTEM32\DBGHELP.DLL
0x00007ffa14910000 - 0x00007ffa1493c000 	C:\WINDOWS\SYSTEM32\dbgcore.DLL
0x00007ffa1fd30000 - 0x00007ffa1fdb0000 	C:\WINDOWS\System32\bcryptPrimitives.dll
0x00007ffa1cf70000 - 0x00007ffa1cf99000 	C:\JetBrains\IntelliJ IDEA Community Edition 2020.3.3\jbr\bin\java.dll
0x00007ffa1cf60000 - 0x00007ffa1cf6b000 	C:\JetBrains\IntelliJ IDEA Community Edition 2020.3.3\jbr\bin\jimage.dll
0x00007ffa1cf40000 - 0x00007ffa1cf58000 	C:\JetBrains\IntelliJ IDEA Community Edition 2020.3.3\jbr\bin\zip.dll

dbghelp: loaded successfully - version: 4.0.5 - missing functions: none
symbol engine: initialized successfully - sym options: 0x614 - pdb path: .;C:\JetBrains\IntelliJ IDEA Community Edition 2020.3.3\jbr\bin;C:\WINDOWS\SYSTEM32;C:\WINDOWS\WinSxS\amd64_microsoft.windows.common-controls_6595b64144ccf1df_6.0.19041.844_none_ca00b6081b84eb1d;C:\JetBrains\IntelliJ IDEA Community Edition 2020.3.3\jbr\bin\server

VM Arguments:
java_command: org.jetbrains.git4idea.http.GitAskPassApp Username for 'https://github.com': 
java_class_path (initial): C:/JetBrains/IntelliJ IDEA Community Edition 2020.3.3/plugins/git4idea/lib/git4idea-rt.jar;C:/JetBrains/IntelliJ IDEA Community Edition 2020.3.3/lib/xmlrpc-2.0.1.jar;C:/JetBrains/IntelliJ IDEA Community Edition 2020.3.3/lib/commons-codec-1.14.jar
Launcher Type: SUN_STANDARD

[Global flags]
     intx CICompilerCount                          = 3                                         {product} {ergonomic}
     uint ConcGCThreads                            = 2                                         {product} {ergonomic}
     uint G1ConcRefinementThreads                  = 6                                         {product} {ergonomic}
   size_t G1HeapRegionSize                         = 1048576                                   {product} {ergonomic}
    uintx GCDrainStackTargetSize                   = 64                                        {product} {ergonomic}
   size_t InitialHeapSize                          = 268435456                                 {product} {ergonomic}
   size_t MarkStackSize                            = 4194304                                   {product} {ergonomic}
   size_t MaxHeapSize                              = 4278190080                                {product} {ergonomic}
   size_t MinHeapDeltaBytes                        = 1048576                                   {product} {ergonomic}
    uintx NonNMethodCodeHeapSize                   = 5830732                                {pd product} {ergonomic}
    uintx NonProfiledCodeHeapSize                  = 122913754                              {pd product} {ergonomic}
    uintx ProfiledCodeHeapSize                     = 122913754                              {pd product} {ergonomic}
    uintx ReservedCodeCacheSize                    = 251658240                              {pd product} {ergonomic}
     bool SegmentedCodeCache                       = true                                      {product} {ergonomic}
     bool UseCompressedClassPointers               = true                                 {lp64_product} {ergonomic}
     bool UseCompressedOops                        = true                                 {lp64_product} {ergonomic}
     bool UseG1GC                                  = true                                      {product} {ergonomic}
     bool UseLargePagesIndividualAllocation        = false                                  {pd product} {ergonomic}

Logging:
Log output configuration:
 #0: stdout all=warning uptime,level,tags
 #1: stderr all=off uptime,level,tags

Environment Variables:
PATH=C:\Program Files\Git\mingw64\libexec\git-core;C:\Program Files\Git\mingw64\libexec\git-core;C:\Program Files\Git\mingw64\bin;C:\Program Files\Git\usr\bin;C:\Users\User\bin;C:\Program Files\Common Files\Oracle\Java\javapath;C:\Windows\system32;C:\Windows;C:\Windows\System32\Wbem;C:\Windows\System32\WindowsPowerShell\v1.0;C:\Windows\System32\OpenSSH;C:\Program Files (x86)\NVIDIA Corporation\PhysX\Common;C:\WINDOWS\system32;C:\WINDOWS;C:\WINDOWS\System32\Wbem;C:\WINDOWS\System32\WindowsPowerShell\v1.0;C:\WINDOWS\System32\OpenSSH;C:\Program Files\Git\cmd;C:\gradle\bin;C:\Program Files\MySQL\MySQL Shell 8.0\bin;C:\Python38\Scripts;C:\Python38;C:\Users\User\AppData\Local\Microsoft\WindowsApps
USERNAME=User
DISPLAY=:0.0
LC_ALL=en_US.UTF-8
OS=Windows_NT
PROCESSOR_IDENTIFIER=Intel64 Family 6 Model 158 Stepping 12, GenuineIntel



---------------  S Y S T E M  ---------------

OS: Windows 10 , 64 bit Build 19041 (10.0.19041.928)
OS uptime: 0 days 18:52 hours

CPU:total 6 (initial active 6) (6 cores per cpu, 1 threads per core) family 6 model 158 stepping 12 microcode 0xae, cmov, cx8, fxsr, mmx, sse, sse2, sse3, ssse3, sse4.1, sse4.2, popcnt, avx, avx2, aes, clmul, erms, rtm, 3dnowpref, lzcnt, tsc, tscinvbit, bmi1, bmi2, adx, fma

Memory: 4k page, system-wide physical 16318M (3437M free)
TotalPageFile size 29118M (AvailPageFile size 35M)
current process WorkingSet (physical memory assigned to process): 10M, peak: 10M
current process commit charge ("private bytes"): 56M, peak: 312M

vm_info: OpenJDK 64-Bit Server VM (11.0.10+8-b1145.96) for windows-amd64 JRE (11.0.10+8-b1145.96), built on Feb 18 2021 01:38:16 by "" with MS VC++ 14.0 (VS2015)

END.
